{"uid":"ad3ab856879b35ee","name":"Get Customer Personal saving Application","fullName":"Savings application for new user after sign up/Personal Savings#Get Customer Personal saving Application","historyId":"4655ad59-257f-417f-8780-5b6c66d0352b","time":{"start":1702982165449,"stop":1702982165597,"duration":148},"status":"failed","statusMessage":"verify that Status code is 200, verify that Status code name has Ok, verify that errorMessage is null, verify that successMessage returns data retrieve successfully, verify that responseCode is 200","flaky":false,"newFailed":false,"newBroken":false,"newPassed":false,"retriesCount":0,"retriesStatusChange":false,"beforeStages":[],"testStage":{"status":"failed","statusMessage":"verify that Status code is 200, verify that Status code name has Ok, verify that errorMessage is null, verify that successMessage returns data retrieve successfully, verify that responseCode is 200","steps":[{"name":"verify that Status code is 200","time":{"start":1702982165591,"stop":1702982165591,"duration":0},"status":"failed","statusMessage":"expected response to have status code 200 but got 401","statusTrace":"AssertionError: expected response to have status code 200 but got 401\n    at eval (eval at exec (evalmachine.<anonymous>:66:1815891), <anonymous>:5:25)\n    at e.test (evalmachine.<anonymous>:66:10108)\n    at Object.eval (eval at exec (evalmachine.<anonymous>:66:1815891), <anonymous>:4:4)\n    at u.exec (evalmachine.<anonymous>:66:1815926)\n    at t.exports (evalmachine.<anonymous>:66:5826)\n    at Object.<anonymous> (evalmachine.<anonymous>:66:8112)\n    at evalmachine.<anonymous>:15:26\n    at Array.forEach (<anonymous>)\n    at Object.emit (evalmachine.<anonymous>:14:59)\n    at evalmachine.<anonymous>:59:24","steps":[],"attachments":[],"parameters":[],"shouldDisplayMessage":true,"stepsCount":0,"attachmentsCount":0,"hasContent":true,"attachmentStep":false},{"name":"verify that Status code name has Ok","time":{"start":1702982165591,"stop":1702982165591,"duration":0},"status":"failed","statusMessage":"expected response to have status reason 'OK' but got 'Unauthorized'","statusTrace":"AssertionError: expected response to have status reason 'OK' but got 'Unauthorized'\n    at eval (eval at exec (evalmachine.<anonymous>:66:1815891), <anonymous>:8:25)\n    at e.test (evalmachine.<anonymous>:66:10108)\n    at Object.eval (eval at exec (evalmachine.<anonymous>:66:1815891), <anonymous>:7:4)\n    at u.exec (evalmachine.<anonymous>:66:1815926)\n    at t.exports (evalmachine.<anonymous>:66:5826)\n    at Object.<anonymous> (evalmachine.<anonymous>:66:8112)\n    at evalmachine.<anonymous>:15:26\n    at Array.forEach (<anonymous>)\n    at Object.emit (evalmachine.<anonymous>:14:59)\n    at evalmachine.<anonymous>:59:24","steps":[],"attachments":[],"parameters":[],"shouldDisplayMessage":true,"stepsCount":0,"attachmentsCount":0,"hasContent":true,"attachmentStep":false},{"name":"verify that errorMessage is null","time":{"start":1702982165592,"stop":1702982165592,"duration":0},"status":"failed","statusMessage":"expected '' to include null","statusTrace":"AssertionError: expected '' to include null\n    at eval (eval at exec (evalmachine.<anonymous>:66:1815891), <anonymous>:12:38)\n    at e.test (evalmachine.<anonymous>:66:10108)\n    at Object.eval (eval at exec (evalmachine.<anonymous>:66:1815891), <anonymous>:11:4)\n    at u.exec (evalmachine.<anonymous>:66:1815926)\n    at t.exports (evalmachine.<anonymous>:66:5826)\n    at Object.<anonymous> (evalmachine.<anonymous>:66:8112)\n    at evalmachine.<anonymous>:15:26\n    at Array.forEach (<anonymous>)\n    at Object.emit (evalmachine.<anonymous>:14:59)\n    at evalmachine.<anonymous>:59:24","steps":[],"attachments":[],"parameters":[],"shouldDisplayMessage":true,"stepsCount":0,"attachmentsCount":0,"hasContent":true,"attachmentStep":false},{"name":"verify that successMessage returns data retrieve successfully","time":{"start":1702982165593,"stop":1702982165593,"duration":0},"status":"failed","statusMessage":"expected '' to include 'Data retrieve successfully.'","statusTrace":"AssertionError: expected '' to include 'Data retrieve successfully.'\n    at eval (eval at exec (evalmachine.<anonymous>:66:1815891), <anonymous>:15:38)\n    at e.test (evalmachine.<anonymous>:66:10108)\n    at Object.eval (eval at exec (evalmachine.<anonymous>:66:1815891), <anonymous>:14:4)\n    at u.exec (evalmachine.<anonymous>:66:1815926)\n    at t.exports (evalmachine.<anonymous>:66:5826)\n    at Object.<anonymous> (evalmachine.<anonymous>:66:8112)\n    at evalmachine.<anonymous>:15:26\n    at Array.forEach (<anonymous>)\n    at Object.emit (evalmachine.<anonymous>:14:59)\n    at evalmachine.<anonymous>:59:24","steps":[],"attachments":[],"parameters":[],"shouldDisplayMessage":true,"stepsCount":0,"attachmentsCount":0,"hasContent":true,"attachmentStep":false},{"name":"verify that responseCode is 200","time":{"start":1702982165594,"stop":1702982165594,"duration":0},"status":"failed","statusMessage":"expected '' to include 200","statusTrace":"AssertionError: expected '' to include 200\n    at eval (eval at exec (evalmachine.<anonymous>:66:1815891), <anonymous>:18:38)\n    at e.test (evalmachine.<anonymous>:66:10108)\n    at Object.eval (eval at exec (evalmachine.<anonymous>:66:1815891), <anonymous>:17:4)\n    at u.exec (evalmachine.<anonymous>:66:1815926)\n    at t.exports (evalmachine.<anonymous>:66:5826)\n    at Object.<anonymous> (evalmachine.<anonymous>:66:8112)\n    at evalmachine.<anonymous>:15:26\n    at Array.forEach (<anonymous>)\n    at Object.emit (evalmachine.<anonymous>:14:59)\n    at evalmachine.<anonymous>:59:24","steps":[],"attachments":[],"parameters":[],"shouldDisplayMessage":true,"stepsCount":0,"attachmentsCount":0,"hasContent":true,"attachmentStep":false}],"attachments":[{"uid":"2ef1bef9624bcffd","name":"Request Headers","source":"2ef1bef9624bcffd.json","type":"application/json","size":343},{"uid":"4837321f65700811","name":"Request Body","source":"4837321f65700811.txt","type":"text/plain","size":334},{"uid":"2c48884fc211c641","name":"Response Headers","source":"2c48884fc211c641.json","type":"application/json","size":236}],"parameters":[],"shouldDisplayMessage":true,"stepsCount":5,"attachmentsCount":3,"hasContent":true,"attachmentStep":false},"afterStages":[],"labels":[{"name":"parentSuite","value":"Savings application for new user after sign up"},{"name":"suite","value":"Personal Savings"},{"name":"resultFormat","value":"allure2"}],"parameters":[{"name":"Request","value":"POST - https://qa-api.nairacompare.ng/api/savings/get-saving-application-search-list"},{"name":"Response Code","value":"401"}],"links":[],"hidden":false,"retry":false,"extra":{"severity":"normal","retries":[],"categories":[{"name":"Product defects","matchedStatuses":[],"flaky":false}],"tags":[]},"source":"ad3ab856879b35ee.json","parameterValues":["POST - https://qa-api.nairacompare.ng/api/savings/get-saving-application-search-list","401"]}