{"uid":"e0be09c719bca49d","name":"Validate Account","fullName":"Loans application for new user after sign up/PayDay Loans#Validate Account","historyId":"5a5da62f-6c5c-4c51-af8a-ddaffd7fc99e","time":{"start":1702982842745,"stop":1702982842923,"duration":178},"status":"failed","statusMessage":"Verify that Status code is 200, Verify that Status code name has OK, Confirm request is successful, Confirm message equals successful, Add Age, dob, CustomerId, UserId, Date Created to collection collectionVariables","flaky":false,"newFailed":false,"newBroken":false,"newPassed":false,"retriesCount":0,"retriesStatusChange":false,"beforeStages":[],"testStage":{"status":"failed","statusMessage":"Verify that Status code is 200, Verify that Status code name has OK, Confirm request is successful, Confirm message equals successful, Add Age, dob, CustomerId, UserId, Date Created to collection collectionVariables","steps":[{"name":"Verify that Status code is 200","time":{"start":1702982842919,"stop":1702982842919,"duration":0},"status":"failed","statusMessage":"expected response to have status code 200 but got 500","statusTrace":"AssertionError: expected response to have status code 200 but got 500\n    at eval (eval at exec (evalmachine.<anonymous>:66:1815891), <anonymous>:5:25)\n    at e.test (evalmachine.<anonymous>:66:10108)\n    at Object.eval (eval at exec (evalmachine.<anonymous>:66:1815891), <anonymous>:4:4)\n    at u.exec (evalmachine.<anonymous>:66:1815926)\n    at t.exports (evalmachine.<anonymous>:66:5826)\n    at Object.<anonymous> (evalmachine.<anonymous>:66:8112)\n    at evalmachine.<anonymous>:15:26\n    at Array.forEach (<anonymous>)\n    at Object.emit (evalmachine.<anonymous>:14:59)\n    at evalmachine.<anonymous>:59:24","steps":[],"attachments":[],"parameters":[],"shouldDisplayMessage":true,"stepsCount":0,"attachmentsCount":0,"hasContent":true,"attachmentStep":false},{"name":"Verify that Status code name has OK","time":{"start":1702982842920,"stop":1702982842920,"duration":0},"status":"failed","statusMessage":"expected response to have status reason 'OK' but got 'Internal Server Error'","statusTrace":"AssertionError: expected response to have status reason 'OK' but got 'Internal Server Error'\n    at eval (eval at exec (evalmachine.<anonymous>:66:1815891), <anonymous>:8:25)\n    at e.test (evalmachine.<anonymous>:66:10108)\n    at Object.eval (eval at exec (evalmachine.<anonymous>:66:1815891), <anonymous>:7:4)\n    at u.exec (evalmachine.<anonymous>:66:1815926)\n    at t.exports (evalmachine.<anonymous>:66:5826)\n    at Object.<anonymous> (evalmachine.<anonymous>:66:8112)\n    at evalmachine.<anonymous>:15:26\n    at Array.forEach (<anonymous>)\n    at Object.emit (evalmachine.<anonymous>:14:59)\n    at evalmachine.<anonymous>:59:24","steps":[],"attachments":[],"parameters":[],"shouldDisplayMessage":true,"stepsCount":0,"attachmentsCount":0,"hasContent":true,"attachmentStep":false},{"name":"Confirm request is successful","time":{"start":1702982842920,"stop":1702982842920,"duration":0},"status":"failed","statusMessage":"expected false to deeply equal true","statusTrace":"AssertionError: expected false to deeply equal true\n    at eval (eval at exec (evalmachine.<anonymous>:66:1815891), <anonymous>:13:38)\n    at e.test (evalmachine.<anonymous>:66:10108)\n    at Object.eval (eval at exec (evalmachine.<anonymous>:66:1815891), <anonymous>:12:4)\n    at u.exec (evalmachine.<anonymous>:66:1815926)\n    at t.exports (evalmachine.<anonymous>:66:5826)\n    at Object.<anonymous> (evalmachine.<anonymous>:66:8112)\n    at evalmachine.<anonymous>:15:26\n    at Array.forEach (<anonymous>)\n    at Object.emit (evalmachine.<anonymous>:14:59)\n    at evalmachine.<anonymous>:59:24","steps":[],"attachments":[],"parameters":[],"shouldDisplayMessage":true,"stepsCount":0,"attachmentsCount":0,"hasContent":true,"attachmentStep":false},{"name":"Confirm message equals successful","time":{"start":1702982842921,"stop":1702982842921,"duration":0},"status":"failed","statusMessage":"expected 'Failed' to deeply equal 'Successful'","statusTrace":"AssertionError: expected 'Failed' to deeply equal 'Successful'\n    at eval (eval at exec (evalmachine.<anonymous>:66:1815891), <anonymous>:16:36)\n    at e.test (evalmachine.<anonymous>:66:10108)\n    at Object.eval (eval at exec (evalmachine.<anonymous>:66:1815891), <anonymous>:15:4)\n    at u.exec (evalmachine.<anonymous>:66:1815926)\n    at t.exports (evalmachine.<anonymous>:66:5826)\n    at Object.<anonymous> (evalmachine.<anonymous>:66:8112)\n    at evalmachine.<anonymous>:15:26\n    at Array.forEach (<anonymous>)\n    at Object.emit (evalmachine.<anonymous>:14:59)\n    at evalmachine.<anonymous>:59:24","steps":[],"attachments":[],"parameters":[],"shouldDisplayMessage":true,"stepsCount":0,"attachmentsCount":0,"hasContent":true,"attachmentStep":false},{"name":"Add Age, dob, CustomerId, UserId, Date Created to collection collectionVariables","time":{"start":1702982842921,"stop":1702982842921,"duration":0},"status":"failed","statusMessage":"Cannot read properties of undefined (reading 'age')","steps":[],"attachments":[],"parameters":[],"shouldDisplayMessage":true,"stepsCount":0,"attachmentsCount":0,"hasContent":true,"attachmentStep":false},{"name":"Set AuthToken","time":{"start":1702982842921,"stop":1702982842921,"duration":0},"status":"passed","steps":[],"attachments":[],"parameters":[],"shouldDisplayMessage":false,"stepsCount":0,"attachmentsCount":0,"hasContent":false,"attachmentStep":false}],"attachments":[{"uid":"dd4064c23062b763","name":"Request Headers","source":"dd4064c23062b763.json","type":"application/json","size":340},{"uid":"1b84b7752633159b","name":"Request Body","source":"1b84b7752633159b.txt","type":"text/plain","size":210},{"uid":"f86903c319f1e55a","name":"Response Headers","source":"f86903c319f1e55a.json","type":"application/json","size":490},{"uid":"425fd484dcc6d33a","name":"Response Body","source":"425fd484dcc6d33a.txt","type":"text/plain","size":122}],"parameters":[],"shouldDisplayMessage":true,"stepsCount":6,"attachmentsCount":4,"hasContent":true,"attachmentStep":false},"afterStages":[],"labels":[{"name":"parentSuite","value":"Loans application for new user after sign up"},{"name":"suite","value":"PayDay Loans"},{"name":"resultFormat","value":"allure2"}],"parameters":[{"name":"Request","value":"POST - https://api.nairacompare.ng/api/v2/Auth/GenerateAuthTokenOnActivation"},{"name":"Response Code","value":"500"}],"links":[],"hidden":false,"retry":false,"extra":{"severity":"normal","retries":[],"categories":[{"name":"Product defects","matchedStatuses":[],"flaky":false}],"tags":[]},"source":"e0be09c719bca49d.json","parameterValues":["POST - https://api.nairacompare.ng/api/v2/Auth/GenerateAuthTokenOnActivation","500"]}