{"uid":"46d095951a9f9de7","name":"Get Customer Personal saving Application","fullName":"Savings application for new user after sign up/Personal Savings#Get Customer Personal saving Application","historyId":"0814c672-4b2a-4f74-9a1d-3806ed22a057","time":{"start":1702537914027,"stop":1702537914124,"duration":97},"status":"failed","statusMessage":"verify that Status code is 200, verify that Status code name has Ok, verify that errorMessage is null, verify that successMessage returns data retrieve successfully, verify that responseCode is 200","flaky":false,"newFailed":false,"newBroken":false,"newPassed":false,"retriesCount":0,"retriesStatusChange":false,"beforeStages":[],"testStage":{"status":"failed","statusMessage":"verify that Status code is 200, verify that Status code name has Ok, verify that errorMessage is null, verify that successMessage returns data retrieve successfully, verify that responseCode is 200","steps":[{"name":"verify that Status code is 200","time":{"start":1702537914119,"stop":1702537914119,"duration":0},"status":"failed","statusMessage":"expected response to have status code 200 but got 401","statusTrace":"AssertionError: expected response to have status code 200 but got 401\n    at eval (eval at exec (evalmachine.<anonymous>:66:1815891), <anonymous>:5:25)\n    at e.test (evalmachine.<anonymous>:66:10108)\n    at Object.eval (eval at exec (evalmachine.<anonymous>:66:1815891), <anonymous>:4:4)\n    at u.exec (evalmachine.<anonymous>:66:1815926)\n    at t.exports (evalmachine.<anonymous>:66:5826)\n    at Object.<anonymous> (evalmachine.<anonymous>:66:8112)\n    at evalmachine.<anonymous>:15:26\n    at Array.forEach (<anonymous>)\n    at Object.emit (evalmachine.<anonymous>:14:59)\n    at evalmachine.<anonymous>:59:24","steps":[],"attachments":[],"parameters":[],"shouldDisplayMessage":true,"stepsCount":0,"attachmentsCount":0,"hasContent":true,"attachmentStep":false},{"name":"verify that Status code name has Ok","time":{"start":1702537914120,"stop":1702537914120,"duration":0},"status":"failed","statusMessage":"expected response to have status reason 'OK' but got 'Unauthorized'","statusTrace":"AssertionError: expected response to have status reason 'OK' but got 'Unauthorized'\n    at eval (eval at exec (evalmachine.<anonymous>:66:1815891), <anonymous>:8:25)\n    at e.test (evalmachine.<anonymous>:66:10108)\n    at Object.eval (eval at exec (evalmachine.<anonymous>:66:1815891), <anonymous>:7:4)\n    at u.exec (evalmachine.<anonymous>:66:1815926)\n    at t.exports (evalmachine.<anonymous>:66:5826)\n    at Object.<anonymous> (evalmachine.<anonymous>:66:8112)\n    at evalmachine.<anonymous>:15:26\n    at Array.forEach (<anonymous>)\n    at Object.emit (evalmachine.<anonymous>:14:59)\n    at evalmachine.<anonymous>:59:24","steps":[],"attachments":[],"parameters":[],"shouldDisplayMessage":true,"stepsCount":0,"attachmentsCount":0,"hasContent":true,"attachmentStep":false},{"name":"verify that errorMessage is null","time":{"start":1702537914121,"stop":1702537914121,"duration":0},"status":"failed","statusMessage":"expected '' to include null","statusTrace":"AssertionError: expected '' to include null\n    at eval (eval at exec (evalmachine.<anonymous>:66:1815891), <anonymous>:12:38)\n    at e.test (evalmachine.<anonymous>:66:10108)\n    at Object.eval (eval at exec (evalmachine.<anonymous>:66:1815891), <anonymous>:11:4)\n    at u.exec (evalmachine.<anonymous>:66:1815926)\n    at t.exports (evalmachine.<anonymous>:66:5826)\n    at Object.<anonymous> (evalmachine.<anonymous>:66:8112)\n    at evalmachine.<anonymous>:15:26\n    at Array.forEach (<anonymous>)\n    at Object.emit (evalmachine.<anonymous>:14:59)\n    at evalmachine.<anonymous>:59:24","steps":[],"attachments":[],"parameters":[],"shouldDisplayMessage":true,"stepsCount":0,"attachmentsCount":0,"hasContent":true,"attachmentStep":false},{"name":"verify that successMessage returns data retrieve successfully","time":{"start":1702537914121,"stop":1702537914121,"duration":0},"status":"failed","statusMessage":"expected '' to include 'Data retrieve successfully.'","statusTrace":"AssertionError: expected '' to include 'Data retrieve successfully.'\n    at eval (eval at exec (evalmachine.<anonymous>:66:1815891), <anonymous>:15:38)\n    at e.test (evalmachine.<anonymous>:66:10108)\n    at Object.eval (eval at exec (evalmachine.<anonymous>:66:1815891), <anonymous>:14:4)\n    at u.exec (evalmachine.<anonymous>:66:1815926)\n    at t.exports (evalmachine.<anonymous>:66:5826)\n    at Object.<anonymous> (evalmachine.<anonymous>:66:8112)\n    at evalmachine.<anonymous>:15:26\n    at Array.forEach (<anonymous>)\n    at Object.emit (evalmachine.<anonymous>:14:59)\n    at evalmachine.<anonymous>:59:24","steps":[],"attachments":[],"parameters":[],"shouldDisplayMessage":true,"stepsCount":0,"attachmentsCount":0,"hasContent":true,"attachmentStep":false},{"name":"verify that responseCode is 200","time":{"start":1702537914122,"stop":1702537914122,"duration":0},"status":"failed","statusMessage":"expected '' to include 200","statusTrace":"AssertionError: expected '' to include 200\n    at eval (eval at exec (evalmachine.<anonymous>:66:1815891), <anonymous>:18:38)\n    at e.test (evalmachine.<anonymous>:66:10108)\n    at Object.eval (eval at exec (evalmachine.<anonymous>:66:1815891), <anonymous>:17:4)\n    at u.exec (evalmachine.<anonymous>:66:1815926)\n    at t.exports (evalmachine.<anonymous>:66:5826)\n    at Object.<anonymous> (evalmachine.<anonymous>:66:8112)\n    at evalmachine.<anonymous>:15:26\n    at Array.forEach (<anonymous>)\n    at Object.emit (evalmachine.<anonymous>:14:59)\n    at evalmachine.<anonymous>:59:24","steps":[],"attachments":[],"parameters":[],"shouldDisplayMessage":true,"stepsCount":0,"attachmentsCount":0,"hasContent":true,"attachmentStep":false}],"attachments":[{"uid":"cd5a5ced9b049d59","name":"Request Headers","source":"cd5a5ced9b049d59.json","type":"application/json","size":343},{"uid":"cc9531de25cfc48d","name":"Request Body","source":"cc9531de25cfc48d.txt","type":"text/plain","size":334},{"uid":"8a3041026111b122","name":"Response Headers","source":"8a3041026111b122.json","type":"application/json","size":236}],"parameters":[],"shouldDisplayMessage":true,"stepsCount":5,"attachmentsCount":3,"hasContent":true,"attachmentStep":false},"afterStages":[],"labels":[{"name":"parentSuite","value":"Savings application for new user after sign up"},{"name":"suite","value":"Personal Savings"},{"name":"resultFormat","value":"allure2"}],"parameters":[{"name":"Request","value":"POST - https://qa-api.nairacompare.ng/api/savings/get-saving-application-search-list"},{"name":"Response Code","value":"401"}],"links":[],"hidden":false,"retry":false,"extra":{"severity":"normal","retries":[],"categories":[{"name":"Product defects","matchedStatuses":[],"flaky":false}],"tags":[]},"source":"46d095951a9f9de7.json","parameterValues":["POST - https://qa-api.nairacompare.ng/api/savings/get-saving-application-search-list","401"]}